2025-07-08 20:51:55,358 - __main__ - INFO - filenames: ['云烟体.ttf', '华阳手写体.ttf', '李国夫手写体.ttf', '神韵英子楷书.ttf', '青叶手写体.ttf']
2025-07-08 20:53:50,387 - __main__ - INFO - filenames: ['云烟体.ttf', '华阳手写体.ttf', '李国夫手写体.ttf', '神韵英子楷书.ttf', '青叶手写体.ttf']
2025-07-08 20:53:55,138 - __main__ - INFO - text: 
2025-07-08 20:53:55,139 - __main__ - INFO - font_size: 124
2025-07-08 20:53:55,139 - __main__ - INFO - line_spacing: 200
2025-07-08 20:53:55,139 - __main__ - INFO - fill: (0, 0, 0, 255)
2025-07-08 20:53:55,140 - __main__ - INFO - left_margin: 50
2025-07-08 20:53:55,140 - __main__ - INFO - top_margin: 50
2025-07-08 20:53:55,140 - __main__ - INFO - right_margin: 50
2025-07-08 20:53:55,140 - __main__ - INFO - bottom_margin: 50
2025-07-08 20:53:55,144 - __main__ - INFO - word_spacing: 1
2025-07-08 20:53:55,144 - __main__ - INFO - line_spacing_sigma: 0
2025-07-08 20:53:55,144 - __main__ - INFO - font_size_sigma: 2
2025-07-08 20:53:55,144 - __main__ - INFO - word_spacing_sigma: 2
2025-07-08 20:53:55,145 - __main__ - INFO - perturb_x_sigma: 3
2025-07-08 20:53:55,145 - __main__ - INFO - perturb_y_sigma: 3
2025-07-08 20:53:55,145 - __main__ - INFO - perturb_theta_sigma: 0.05
2025-07-08 20:53:55,145 - __main__ - INFO - preview: true
2025-07-08 20:53:55,162 - __main__ - INFO - font_option: 云烟体.ttf
2025-07-08 20:53:55,162 - __main__ - INFO - font_file_names: ['云烟体.ttf', '华阳手写体.ttf', '李国夫手写体.ttf', '神韵英子楷书.ttf', '青叶手写体.ttf']
2025-07-08 20:53:55,162 - __main__ - INFO - font_path: font_assets\云烟体.ttf
2025-07-08 20:53:55,171 - __main__ - INFO - data[pdf_save]: false
2025-07-08 20:53:55,172 - __main__ - INFO - handwrite initial images generated successfully
2025-07-08 20:53:55,174 - __main__ - INFO - An error occurred during the request: local variable 'response' referenced before assignment
2025-07-08 20:54:06,958 - __main__ - INFO - text: 敖德萨市的
2025-07-08 20:54:06,958 - __main__ - INFO - font_size: 124
2025-07-08 20:54:06,959 - __main__ - INFO - line_spacing: 200
2025-07-08 20:54:06,959 - __main__ - INFO - fill: (0, 0, 0, 255)
2025-07-08 20:54:06,959 - __main__ - INFO - left_margin: 50
2025-07-08 20:54:06,959 - __main__ - INFO - top_margin: 50
2025-07-08 20:54:06,960 - __main__ - INFO - right_margin: 50
2025-07-08 20:54:06,960 - __main__ - INFO - bottom_margin: 50
2025-07-08 20:54:06,960 - __main__ - INFO - word_spacing: 1
2025-07-08 20:54:06,960 - __main__ - INFO - line_spacing_sigma: 0
2025-07-08 20:54:06,961 - __main__ - INFO - font_size_sigma: 2
2025-07-08 20:54:06,961 - __main__ - INFO - word_spacing_sigma: 2
2025-07-08 20:54:06,962 - __main__ - INFO - perturb_x_sigma: 3
2025-07-08 20:54:06,962 - __main__ - INFO - perturb_y_sigma: 3
2025-07-08 20:54:06,962 - __main__ - INFO - perturb_theta_sigma: 0.05
2025-07-08 20:54:06,962 - __main__ - INFO - preview: true
2025-07-08 20:54:06,978 - __main__ - INFO - font_option: 云烟体.ttf
2025-07-08 20:54:06,978 - __main__ - INFO - font_file_names: ['云烟体.ttf', '华阳手写体.ttf', '李国夫手写体.ttf', '神韵英子楷书.ttf', '青叶手写体.ttf']
2025-07-08 20:54:06,980 - __main__ - INFO - font_path: font_assets\云烟体.ttf
2025-07-08 20:54:06,984 - __main__ - INFO - data[pdf_save]: false
2025-07-08 20:54:06,984 - __main__ - INFO - handwrite initial images generated successfully
2025-07-08 20:54:07,254 - __main__ - INFO - Image 0 saved successfully
2025-07-08 20:54:07,263 - __main__ - ERROR - Failed to delete temp directory C:\Users\13963\AppData\Local\Temp\tmp80soocdg: [WinError 32] 另一个程序正在使用此文件，进程无法访问。: 'C:\\Users\\13963\\AppData\\Local\\Temp\\tmp80soocdg\\0.png'
